<?xml version="1.0" encoding="UTF-8"?>
<testsuite xmlns:xsi="http://www.w3.org/2001/XMLSchema-instance" xsi:noNamespaceSchemaLocation="https://maven.apache.org/surefire/maven-surefire-plugin/xsd/surefire-test-report.xsd" version="3.0.2" name="com.otassess.demo.OtAssessmentApplicationTests" time="10.489" tests="8" errors="0" skipped="0" failures="0">
  <properties>
[...]
</properties>
  <testcase name="testBlockingQueueFunctionality" classname="com.otassess.demo.OtAssessmentApplicationTests" time="0.748">
    <system-out><![CDATA[01:50:27.382 [main] INFO org.springframework.test.context.support.AnnotationConfigContextLoaderUtils -- Could not detect default configuration classes for test class [com.otassess.demo.OtAssessmentApplicationTests]: OtAssessmentApplicationTests does not declare any static, non-private, non-final, nested classes annotated with @Configuration.
01:50:27.580 [main] INFO org.springframework.boot.test.context.SpringBootTestContextBootstrapper -- Found @SpringBootConfiguration com.otassess.demo.OtAssessmentApplication for test class com.otassess.demo.OtAssessmentApplicationTests

  .   ____          _            __ _ _
 /\\ / ___'_ __ _ _(_)_ __  __ _ \ \ \ \
( ( )\___ | '_ | '_| | '_ \/ _` | \ \ \ \
 \\/  ___)| |_)| | | | | || (_| |  ) ) ) )
  '  |____| .__|_| |_|_| |_\__, | / / / /
 =========|_|==============|___/=/_/_/_/

 :: Spring Boot ::                (v3.4.1)

2024-12-26T01:50:28.165+05:30  INFO 5612 --- [OTAssessment] [           main] c.o.demo.OtAssessmentApplicationTests    : Starting OtAssessmentApplicationTests using Java 17.0.5 with PID 5612 (started by star in /Users/star/Documents/sts_workspace/OTAssessment)
2024-12-26T01:50:28.168+05:30  INFO 5612 --- [OTAssessment] [           main] c.o.demo.OtAssessmentApplicationTests    : No active profile set, falling back to 1 default profile: "default"
2024-12-26T01:50:29.049+05:30  INFO 5612 --- [OTAssessment] [           main] .s.d.r.c.RepositoryConfigurationDelegate : Bootstrapping Spring Data JPA repositories in DEFAULT mode.
2024-12-26T01:50:29.075+05:30  INFO 5612 --- [OTAssessment] [           main] .s.d.r.c.RepositoryConfigurationDelegate : Finished Spring Data repository scanning in 13 ms. Found 0 JPA repository interfaces.
2024-12-26T01:50:29.546+05:30  INFO 5612 --- [OTAssessment] [           main] com.zaxxer.hikari.HikariDataSource       : HikariPool-1 - Starting...
2024-12-26T01:50:29.796+05:30  INFO 5612 --- [OTAssessment] [           main] com.zaxxer.hikari.pool.HikariPool        : HikariPool-1 - Added connection conn0: url=jdbc:h2:mem:01410d26-a230-42e1-a5a3-8d71bbb6b855 user=SA
2024-12-26T01:50:29.798+05:30  INFO 5612 --- [OTAssessment] [           main] com.zaxxer.hikari.HikariDataSource       : HikariPool-1 - Start completed.
2024-12-26T01:50:29.864+05:30  INFO 5612 --- [OTAssessment] [           main] o.hibernate.jpa.internal.util.LogHelper  : HHH000204: Processing PersistenceUnitInfo [name: default]
2024-12-26T01:50:29.931+05:30  INFO 5612 --- [OTAssessment] [           main] org.hibernate.Version                    : HHH000412: Hibernate ORM core version 6.6.4.Final
2024-12-26T01:50:29.975+05:30  INFO 5612 --- [OTAssessment] [           main] o.h.c.internal.RegionFactoryInitiator    : HHH000026: Second-level cache disabled
2024-12-26T01:50:30.305+05:30  INFO 5612 --- [OTAssessment] [           main] o.s.o.j.p.SpringPersistenceUnitInfo      : No LoadTimeWeaver setup: ignoring JPA class transformer
2024-12-26T01:50:30.416+05:30  INFO 5612 --- [OTAssessment] [           main] org.hibernate.orm.connections.pooling    : HHH10001005: Database info:
	Database JDBC URL [Connecting through datasource 'HikariDataSource (HikariPool-1)']
	Database driver: undefined/unknown
	Database version: 2.3.232
	Autocommit mode: undefined/unknown
	Isolation level: undefined/unknown
	Minimum pool size: undefined/unknown
	Maximum pool size: undefined/unknown
2024-12-26T01:50:30.804+05:30  INFO 5612 --- [OTAssessment] [           main] o.h.e.t.j.p.i.JtaPlatformInitiator       : HHH000489: No JTA platform available (set 'hibernate.transaction.jta.platform' to enable JTA platform integration)
2024-12-26T01:50:30.810+05:30  INFO 5612 --- [OTAssessment] [           main] j.LocalContainerEntityManagerFactoryBean : Initialized JPA EntityManagerFactory for persistence unit 'default'
2024-12-26T01:50:30.996+05:30  WARN 5612 --- [OTAssessment] [           main] JpaBaseConfiguration$JpaWebConfiguration : spring.jpa.open-in-view is enabled by default. Therefore, database queries may be performed during view rendering. Explicitly configure spring.jpa.open-in-view to disable this warning
2024-12-26T01:50:31.781+05:30  INFO 5612 --- [OTAssessment] [           main] c.o.demo.OtAssessmentApplicationTests    : Started OtAssessmentApplicationTests in 3.94 seconds (process running for 5.298)
Tweet :Tweet from User 1is published
]]></system-out>
  </testcase>
  <testcase name="testFollowAndTimeline" classname="com.otassess.demo.OtAssessmentApplicationTests" time="1.019">
    <system-out><![CDATA[[Tweet (1)by alice with contentAlice's 1st Tweet on Thu Dec 26 01:50:32 IST 2024, Tweet (3)by Charlie with contentCharlie's 1st Tweet on Thu Dec 26 01:50:32 IST 2024, Tweet (2)by bob with contentBob's 1st Tweet on Thu Dec 26 01:50:32 IST 2024]
]]></system-out>
  </testcase>
  <testcase name="testPublishTweetAsync" classname="com.otassess.demo.OtAssessmentApplicationTests" time="2.014"/>
  <testcase name="testUnfollow" classname="com.otassess.demo.OtAssessmentApplicationTests" time="2.015">
    <system-out><![CDATA[[Tweet (1)by alice with contentAlice's 1st Tweet on Thu Dec 26 01:50:35 IST 2024, Tweet (3)by Charlie with contentCharlie's 1st Tweet on Thu Dec 26 01:50:35 IST 2024]
]]></system-out>
  </testcase>
  <testcase name="testPostATweet" classname="com.otassess.demo.OtAssessmentApplicationTests" time="0.01"/>
  <testcase name="contextLoads" classname="com.otassess.demo.OtAssessmentApplicationTests" time="0.005"/>
  <testcase name="testConcurrentTweetsOrPosts" classname="com.otassess.demo.OtAssessmentApplicationTests" time="0.009">
    <system-out><![CDATA[Tweet from User 12
Tweet from User 13
Tweet from User 14
Tweet from User 15
]]></system-out>
  </testcase>
  <testcase name="testfollowUserAsync" classname="com.otassess.demo.OtAssessmentApplicationTests" time="0.006"/>
</testsuite>